
/home/runner/work/exp-hyperbola-linear-model-iitb/exp-hyperbola-linear-model-iitb/experiment/simulation/common_libraries/js/ts_components/collapse_step.js
   1:10  warning  'show_step' is defined but never used                 no-unused-vars
   2:5   warning  '$' is not defined                                    no-undef
   3:9   warning  '$' is not defined                                    no-undef
   6:10  warning  'hide_step' is defined but never used                 no-unused-vars
   7:5   warning  '$' is not defined                                    no-undef
   8:9   warning  '$' is not defined                                    no-undef
  11:10  warning  'get_collapse_btn_text' is defined but never used     no-unused-vars
  20:10  warning  'get_collapse_btn_element' is defined but never used  no-unused-vars
  29:10  warning  'hide_all_steps' is defined but never used            no-unused-vars
  31:9   warning  '$' is not defined                                    no-undef

/home/runner/work/exp-hyperbola-linear-model-iitb/exp-hyperbola-linear-model-iitb/experiment/simulation/common_libraries/js/ts_components/matrix.js
   27:26  warning  'MathJax' is not defined                                no-undef
   32:7   warning  'Matrix_Without_String' is defined but never used       no-unused-vars
   52:26  warning  'MathJax' is not defined                                no-undef
   56:10  warning  'get_matrix_html' is defined but never used             no-unused-vars
   87:13  warning  'row_html' is assigned a value but never used           no-unused-vars
   99:10  warning  'get_matrix_html_with_title' is defined but never used  no-unused-vars
  131:13  warning  'row_html' is assigned a value but never used           no-unused-vars
  143:10  warning  'convert_2d_to_1d_vector' is defined but never used     no-unused-vars
  156:10  warning  'convert_1d_to_2d_matrix' is defined but never used     no-unused-vars

/home/runner/work/exp-hyperbola-linear-model-iitb/exp-hyperbola-linear-model-iitb/experiment/simulation/common_libraries/js/ts_components/pannel.js
  8:7  warning  'Pannel' is defined but never used  no-unused-vars

/home/runner/work/exp-hyperbola-linear-model-iitb/exp-hyperbola-linear-model-iitb/experiment/simulation/common_libraries/js/ts_components/questions.js
   6:17  warning  'op1' is assigned a value but never used      no-unused-vars
   7:17  warning  'op2' is assigned a value but never used      no-unused-vars
   8:17  warning  'op3' is assigned a value but never used      no-unused-vars
   9:17  warning  'op4' is assigned a value but never used      no-unused-vars
  94:7   warning  'Question_Options' is defined but never used  no-unused-vars

/home/runner/work/exp-hyperbola-linear-model-iitb/exp-hyperbola-linear-model-iitb/experiment/simulation/common_libraries/js/ts_components/tables.js
   19:22  warning  'verify_values' is not defined                                     no-undef
  137:22  warning  'verify_values' is not defined                                     no-undef
  260:7   warning  'Verify_Rows_Cols_6_decimal_places' is defined but never used      no-unused-vars
  311:22  warning  'verify_values' is not defined                                     no-undef
  416:7   warning  'Verify_Rows_Cols_Custom_Fixed_Update1' is defined but never used  no-unused-vars
  468:7   warning  'Show_Table_Custom_Fixed' is defined but never used                no-unused-vars
  506:7   warning  'Verify_Rows_Cols_Strings' is defined but never used               no-unused-vars
  527:22  warning  'verify_values' is not defined                                     no-undef
  663:7   warning  'Display_Table' is defined but never used                          no-unused-vars

/home/runner/work/exp-hyperbola-linear-model-iitb/exp-hyperbola-linear-model-iitb/experiment/simulation/common_libraries/js/ts_math_library/general_math_functions.js
    1:10  warning  'verify_values' is defined but never used                   no-unused-vars
   17:10  warning  'random1' is defined but never used                         no-unused-vars
   21:10  warning  'std_deviation' is defined but never used                   no-unused-vars
   26:10  warning  'gauss' is defined but never used                           no-unused-vars
   56:10  warning  'hide_panel' is defined but never used                      no-unused-vars
   63:10  warning  'inverse_matrix' is defined but never used                  no-unused-vars
   96:10  warning  'matrix_multiplication' is defined but never used           no-unused-vars
  113:10  warning  'transpose_matrix' is defined but never used                no-unused-vars
  123:10  warning  'matrix_multiplication_8decimal' is defined but never used  no-unused-vars
  140:10  warning  'adjoint_2x2_matrix' is defined but never used              no-unused-vars
  145:10  warning  'find_deteminant' is defined but never used                 no-unused-vars
  174:10  warning  'get_Submatrix' is defined but never used                   no-unused-vars

/home/runner/work/exp-hyperbola-linear-model-iitb/exp-hyperbola-linear-model-iitb/experiment/simulation/common_libraries/js/ts_math_library/regression.js
   1:10  warning  'regression_linear' is defined but never used            no-unused-vars
  18:10  warning  'regression_linear_1variable' is defined but never used  no-unused-vars
  27:10  warning  'regression_linear_2variable' is defined but never used  no-unused-vars
  52:11  warning  'gauss' is not defined                                   no-undef

/home/runner/work/exp-hyperbola-linear-model-iitb/exp-hyperbola-linear-model-iitb/experiment/simulation/common_libraries/math.ob.js
  1:745  warning  'b' is already defined  no-redeclare

/home/runner/work/exp-hyperbola-linear-model-iitb/exp-hyperbola-linear-model-iitb/experiment/simulation/js/activity1.js
   21:24  warning  'MathJax' is not defined                             no-undef
   23:10  warning  'show_act1' is defined but never used                no-unused-vars
   39:10  warning  'start_act1' is defined but never used               no-unused-vars
   44:20  warning  'get_collapse_btn_text' is not defined               no-undef
   88:5   warning  'hide_all_steps' is not defined                      no-undef
   89:5   warning  'show_step' is not defined                           no-undef
   90:5   warning  'plot_generated_xy' is not defined                   no-undef
   91:24  warning  'MathJax' is not defined                             no-undef
  114:10  warning  'set_n' is defined but never used                    no-unused-vars
  119:9   warning  'N' is not defined                                   no-undef
  124:9   warning  'N' is not defined                                   no-undef
  131:10  warning  'internal_calculations_1' is defined but never used  no-unused-vars
  136:28  warning  'N' is not defined                                   no-undef
  143:5   warning  'y_origin' is not defined                            no-undef
  149:5   warning  'y0' is not defined                                  no-undef
  150:25  warning  'X' is not defined                                   no-undef
  151:9   warning  'y0' is not defined                                  no-undef
  151:18  warning  'p' is not defined                                   no-undef
  151:22  warning  'X' is not defined                                   no-undef
  151:31  warning  'q' is not defined                                   no-undef
  151:35  warning  'X' is not defined                                   no-undef
  153:44  warning  'y0' is not defined                                  no-undef
  155:22  warning  'y0' is not defined                                  no-undef
  156:5   warning  'Y' is not defined                                   no-undef
  157:25  warning  'y0' is not defined                                  no-undef
  158:9   warning  'Y' is not defined                                   no-undef
  158:16  warning  'y0' is not defined                                  no-undef
  158:25  warning  'y0' is not defined                                  no-undef
  158:42  warning  'epsilon' is not defined                             no-undef
  160:43  warning  'Y' is not defined                                   no-undef
  170:5   warning  'X' is not defined                                   no-undef
  171:26  warning  'N' is not defined                                   no-undef
  172:9   warning  'X' is not defined                                   no-undef
  172:23  warning  'q' is not defined                                   no-undef
  172:40  warning  'N' is not defined                                   no-undef
  174:42  warning  'X' is not defined                                   no-undef
  194:5   warning  'epsilon' is not defined                             no-undef
  195:25  warning  'N' is not defined                                   no-undef
  200:5   warning  'epsilon' is not defined                             no-undef
  201:48  warning  'epsilon' is not defined                             no-undef
  231:25  warning  'Y' is not defined                                   no-undef
  232:21  warning  'X' is not defined                                   no-undef
  233:35  warning  'X' is not defined                                   no-undef
  234:35  warning  'Y' is not defined                                   no-undef

/home/runner/work/exp-hyperbola-linear-model-iitb/exp-hyperbola-linear-model-iitb/experiment/simulation/js/activity1_p1.js
    1:10  warning  'activity1_p1' is defined but never used  no-unused-vars
    6:19  warning  'get_collapse_btn_text' is not defined    no-undef
    7:5   warning  'maindiv' is not defined                  no-undef
   16:5   warning  'hide_all_steps' is not defined           no-undef
   17:5   warning  'show_step' is not defined                no-undef
   28:21  warning  'Chart' is not defined                    no-undef
   31:21  warning  'X_origin' is not defined                 no-undef
   35:27  warning  'y_origin' is not defined                 no-undef
   77:10  warning  'a1_question' is defined but never used   no-unused-vars
   78:20  warning  'get_collapse_btn_text' is not defined    no-undef
   85:5   warning  'maindiv' is not defined                  no-undef
  101:28  warning  'Updated_Question' is not defined         no-undef
  101:77  warning  'activity1_p2' is not defined             no-undef
  102:5   warning  'hide_all_steps' is not defined           no-undef
  103:5   warning  'show_step' is not defined                no-undef
  106:24  warning  'MathJax' is not defined                  no-undef

/home/runner/work/exp-hyperbola-linear-model-iitb/exp-hyperbola-linear-model-iitb/experiment/simulation/js/activity1_p2.js
    2:10  warning  'activity1_p2' is defined but never used     no-unused-vars
    3:19  warning  'get_collapse_btn_text' is not defined       no-undef
    4:5   warning  'maindiv' is not defined                     no-undef
   48:25  warning  'X' is not defined                           no-undef
   49:23  warning  'X' is not defined                           no-undef
   50:23  warning  'Y' is not defined                           no-undef
   52:24  warning  'X' is not defined                           no-undef
   53:24  warning  'Y' is not defined                           no-undef
   69:9   warning  'vv' is assigned a value but never used      no-unused-vars
   71:25  warning  'Verify_Rows_Cols' is not defined            no-undef
   75:5   warning  'hide_all_steps' is not defined              no-undef
   76:5   warning  'show_step' is not defined                   no-undef
   77:24  warning  'MathJax' is not defined                     no-undef
   82:5   warning  'act1_table_data' is not defined             no-undef
   83:17  warning  'act1_table_data' is not defined             no-undef
   87:10  warning  'verify_a1p2_sum' is defined but never used  no-unused-vars
   93:17  warning  'sigma_xi' is not defined                    no-undef
   93:27  warning  'sigma_xi_2' is not defined                  no-undef
   93:39  warning  'sigma_yi' is not defined                    no-undef
   93:49  warning  'sigma_xi_yi' is not defined                 no-undef
   94:10  warning  'verify_values' is not defined               no-undef
   94:48  warning  'sigma_xi' is not defined                    no-undef
   98:10  warning  'verify_values' is not defined               no-undef
   98:48  warning  'sigma_xi_2' is not defined                  no-undef
  102:10  warning  'verify_values' is not defined               no-undef
  102:48  warning  'sigma_yi' is not defined                    no-undef
  106:10  warning  'verify_values' is not defined               no-undef
  106:48  warning  'sigma_xi_yi' is not defined                 no-undef
  111:5   warning  'activity1_p3' is not defined                no-undef
  112:5   warning  'act1_table_data' is not defined             no-undef
  116:5   warning  'sigma_xi' is not defined                    no-undef
  117:5   warning  'sigma_xi_2' is not defined                  no-undef
  118:5   warning  'sigma_xi_yi' is not defined                 no-undef
  119:5   warning  'sigma_yi' is not defined                    no-undef
  121:9   warning  'sigma_xi' is not defined                    no-undef
  122:9   warning  'sigma_xi_2' is not defined                  no-undef
  123:9   warning  'sigma_yi' is not defined                    no-undef
  124:9   warning  'sigma_xi_yi' is not defined                 no-undef

/home/runner/work/exp-hyperbola-linear-model-iitb/exp-hyperbola-linear-model-iitb/experiment/simulation/js/activity1_p3.js
    1:10   warning  'activity1_p3' is defined but never used  no-unused-vars
    2:20   warning  'get_collapse_btn_text' is not defined    no-undef
    3:5    warning  'maindiv' is not defined                  no-undef
    8:50   warning  'sigma_xi' is not defined                 no-undef
    8:84   warning  'sigma_yi' is not defined                 no-undef
    8:120  warning  'sigma_xi_2' is not defined               no-undef
    8:158  warning  'sigma_xi_yi' is not defined              no-undef
   94:5    warning  'mat_A' is not defined                    no-undef
   94:19   warning  'sigma_xi_2' is not defined               no-undef
   95:17   warning  'mat_A' is not defined                    no-undef
   96:5    warning  'mat_A' is not defined                    no-undef
   96:19   warning  'sigma_xi' is not defined                 no-undef
   97:17   warning  'mat_A' is not defined                    no-undef
   98:5    warning  'mat_A' is not defined                    no-undef
   98:19   warning  'sigma_xi' is not defined                 no-undef
   99:17   warning  'mat_A' is not defined                    no-undef
  100:5    warning  'mat_A' is not defined                    no-undef
  100:19   warning  'N' is not defined                        no-undef
  101:17   warning  'mat_A' is not defined                    no-undef
  104:5    warning  'mat_B' is not defined                    no-undef
  104:16   warning  'sigma_xi_yi' is not defined              no-undef
  105:5    warning  'mat_B' is not defined                    no-undef
  105:16   warning  'sigma_yi' is not defined                 no-undef
  107:17   warning  'mat_A' is not defined                    no-undef
  108:17   warning  'mat_B' is not defined                    no-undef
  110:15   warning  'mat_A' is not defined                    no-undef
  110:28   warning  'mat_A' is not defined                    no-undef
  110:43   warning  'mat_A' is not defined                    no-undef
  110:56   warning  'mat_A' is not defined                    no-undef
  111:14   warning  'mat_B' is not defined                    no-undef
  111:24   warning  'mat_B' is not defined                    no-undef
  113:24   warning  'MathJax' is not defined                  no-undef
  114:5    warning  'hide_all_steps' is not defined           no-undef
  115:5    warning  'show_step' is not defined                no-undef
  118:5    warning  'mat_x' is not defined                    no-undef
  118:13   warning  'gauss' is not defined                    no-undef
  119:24   warning  'mat_x' is not defined                    no-undef
  119:41   warning  'mat_x' is not defined                    no-undef
  121:10   warning  'verify_a_b' is defined but never used    no-unused-vars
  127:10   warning  'verify_values' is not defined            no-undef
  127:48   warning  'mat_x' is not defined                    no-undef
  131:10   warning  'verify_values' is not defined            no-undef
  131:48   warning  'mat_x' is not defined                    no-undef
  141:5    warning  'activity1_p4' is not defined             no-undef

/home/runner/work/exp-hyperbola-linear-model-iitb/exp-hyperbola-linear-model-iitb/experiment/simulation/js/activity1_p4.js
   1:10  warning  'activity1_p4' is defined but never used  no-unused-vars
   2:20  warning  'get_collapse_btn_text' is not defined    no-undef
   3:5   warning  'maindiv' is not defined                  no-undef
  37:24  warning  'MathJax' is not defined                  no-undef
  38:5   warning  'hide_all_steps' is not defined           no-undef
  39:5   warning  'show_step' is not defined                no-undef
  43:5   warning  'p1' is not defined                       no-undef
  43:14  warning  'mat_x' is not defined                    no-undef
  44:5   warning  'q1' is not defined                       no-undef
  44:10  warning  'mat_x' is not defined                    no-undef
  44:21  warning  'p1' is not defined                       no-undef
  46:10  warning  'verify_pq_1' is defined but never used   no-unused-vars
  50:17  warning  'p1' is not defined                       no-undef
  50:21  warning  'q1' is not defined                       no-undef
  51:10  warning  'verify_values' is not defined            no-undef
  51:48  warning  'p1' is not defined                       no-undef
  55:10  warning  'verify_values' is not defined            no-undef
  55:48  warning  'q1' is not defined                       no-undef
  60:5   warning  'activity3' is not defined                no-undef

/home/runner/work/exp-hyperbola-linear-model-iitb/exp-hyperbola-linear-model-iitb/experiment/simulation/js/activity2.js
   1:10  warning  'activity2' is defined but never used      no-unused-vars
   2:5   warning  'maindiv' is not defined                   no-undef
  25:5   warning  'hide_all_steps' is not defined            no-undef
  26:5   warning  'show_step' is not defined                 no-undef
  27:5   warning  'plot_generated_xy' is not defined         no-undef
  29:10  warning  'start_act2' is defined but never used     no-unused-vars
  32:20  warning  'get_collapse_btn_element' is not defined  no-undef
  42:28  warning  'Updated_Question' is not defined          no-undef
  42:79  warning  'activity2_p1' is not defined              no-undef
  43:5   warning  'maindiv' is not defined                   no-undef
  44:5   warning  'maindiv' is not defined                   no-undef
  45:5   warning  'maindiv' is not defined                   no-undef
  47:24  warning  'MathJax' is not defined                   no-undef
  48:5   warning  'hide_all_steps' is not defined            no-undef
  49:5   warning  'show_step' is not defined                 no-undef

/home/runner/work/exp-hyperbola-linear-model-iitb/exp-hyperbola-linear-model-iitb/experiment/simulation/js/activity2_p1.js
    2:10  warning  'activity2_p1' is defined but never used     no-unused-vars
    3:19  warning  'get_collapse_btn_text' is not defined       no-undef
    4:5   warning  'maindiv' is not defined                     no-undef
   48:25  warning  'X' is not defined                           no-undef
   49:23  warning  'X' is not defined                           no-undef
   50:23  warning  'Y' is not defined                           no-undef
   52:24  warning  'X' is not defined                           no-undef
   53:24  warning  'Y' is not defined                           no-undef
   69:9   warning  'vv' is assigned a value but never used      no-unused-vars
   71:25  warning  'Verify_Rows_Cols' is not defined            no-undef
   75:5   warning  'hide_all_steps' is not defined              no-undef
   76:5   warning  'show_step' is not defined                   no-undef
   77:24  warning  'MathJax' is not defined                     no-undef
   82:5   warning  'act2_table_data' is not defined             no-undef
   83:17  warning  'act2_table_data' is not defined             no-undef
   87:10  warning  'verify_a2p2_sum' is defined but never used  no-unused-vars
   93:17  warning  'sigma2_xi' is not defined                   no-undef
   93:28  warning  'sigma2_xi_2' is not defined                 no-undef
   93:41  warning  'sigma2_yi' is not defined                   no-undef
   93:52  warning  'sigma2_xi_yi' is not defined                no-undef
   94:10  warning  'verify_values' is not defined               no-undef
   94:48  warning  'sigma2_xi' is not defined                   no-undef
   98:10  warning  'verify_values' is not defined               no-undef
   98:48  warning  'sigma2_xi_2' is not defined                 no-undef
  102:10  warning  'verify_values' is not defined               no-undef
  102:48  warning  'sigma2_yi' is not defined                   no-undef
  106:10  warning  'verify_values' is not defined               no-undef
  106:48  warning  'sigma2_xi_yi' is not defined                no-undef
  111:5   warning  'activity2_p2' is not defined                no-undef
  112:5   warning  'act2_table_data' is not defined             no-undef
  116:5   warning  'sigma2_xi' is not defined                   no-undef
  117:5   warning  'sigma2_xi_2' is not defined                 no-undef
  118:5   warning  'sigma2_xi_yi' is not defined                no-undef
  119:5   warning  'sigma2_yi' is not defined                   no-undef
  121:9   warning  'sigma2_xi' is not defined                   no-undef
  122:9   warning  'sigma2_xi_2' is not defined                 no-undef
  123:9   warning  'sigma2_yi' is not defined                   no-undef
  124:9   warning  'sigma2_xi_yi' is not defined                no-undef

/home/runner/work/exp-hyperbola-linear-model-iitb/exp-hyperbola-linear-model-iitb/experiment/simulation/js/activity2_p2.js
    1:10   warning  'activity2_p2' is defined but never used  no-unused-vars
    2:20   warning  'get_collapse_btn_text' is not defined    no-undef
    3:5    warning  'maindiv' is not defined                  no-undef
    8:50   warning  'sigma2_xi' is not defined                no-undef
    8:85   warning  'sigma2_yi' is not defined                no-undef
    8:122  warning  'sigma2_xi_2' is not defined              no-undef
    8:161  warning  'sigma2_xi_yi' is not defined             no-undef
   94:5    warning  'mat2_A' is not defined                   no-undef
   94:20   warning  'sigma2_xi_2' is not defined              no-undef
   95:17   warning  'mat2_A' is not defined                   no-undef
   96:5    warning  'mat2_A' is not defined                   no-undef
   96:20   warning  'sigma2_xi' is not defined                no-undef
   97:17   warning  'mat2_A' is not defined                   no-undef
   98:5    warning  'mat2_A' is not defined                   no-undef
   98:20   warning  'sigma2_xi' is not defined                no-undef
   99:17   warning  'mat2_A' is not defined                   no-undef
  100:5    warning  'mat2_A' is not defined                   no-undef
  100:20   warning  'N' is not defined                        no-undef
  101:17   warning  'mat2_A' is not defined                   no-undef
  104:5    warning  'mat2_B' is not defined                   no-undef
  104:17   warning  'sigma2_xi_yi' is not defined             no-undef
  105:5    warning  'mat2_B' is not defined                   no-undef
  105:17   warning  'sigma2_yi' is not defined                no-undef
  107:17   warning  'mat2_A' is not defined                   no-undef
  108:17   warning  'mat2_B' is not defined                   no-undef
  110:15   warning  'mat2_A' is not defined                   no-undef
  110:29   warning  'mat2_A' is not defined                   no-undef
  110:45   warning  'mat2_A' is not defined                   no-undef
  110:59   warning  'mat2_A' is not defined                   no-undef
  111:14   warning  'mat2_B' is not defined                   no-undef
  111:25   warning  'mat2_B' is not defined                   no-undef
  113:24   warning  'MathJax' is not defined                  no-undef
  114:5    warning  'hide_all_steps' is not defined           no-undef
  115:5    warning  'show_step' is not defined                no-undef
  118:5    warning  'mat2_x' is not defined                   no-undef
  118:14   warning  'gauss' is not defined                    no-undef
  119:24   warning  'mat2_x' is not defined                   no-undef
  119:42   warning  'mat2_x' is not defined                   no-undef
  121:10   warning  'verify2_a_b' is defined but never used   no-unused-vars
  127:10   warning  'verify_values' is not defined            no-undef
  127:48   warning  'mat2_x' is not defined                   no-undef
  131:10   warning  'verify_values' is not defined            no-undef
  131:48   warning  'mat2_x' is not defined                   no-undef
  141:5    warning  'activity2_p3' is not defined             no-undef

/home/runner/work/exp-hyperbola-linear-model-iitb/exp-hyperbola-linear-model-iitb/experiment/simulation/js/activity2_p3.js
   1:10  warning  'activity2_p3' is defined but never used  no-unused-vars
   2:20  warning  'get_collapse_btn_text' is not defined    no-undef
   3:5   warning  'maindiv' is not defined                  no-undef
  37:24  warning  'MathJax' is not defined                  no-undef
  38:5   warning  'hide_all_steps' is not defined           no-undef
  39:5   warning  'show_step' is not defined                no-undef
  43:5   warning  'p2' is not defined                       no-undef
  43:14  warning  'mat2_x' is not defined                   no-undef
  44:5   warning  'q2' is not defined                       no-undef
  44:10  warning  'mat2_x' is not defined                   no-undef
  44:22  warning  'p2' is not defined                       no-undef
  46:10  warning  'verify_pq_2' is defined but never used   no-unused-vars
  50:17  warning  'p2' is not defined                       no-undef
  50:21  warning  'q2' is not defined                       no-undef
  51:10  warning  'verify_values' is not defined            no-undef
  51:48  warning  'p2' is not defined                       no-undef
  55:10  warning  'verify_values' is not defined            no-undef
  55:48  warning  'q2' is not defined                       no-undef
  60:5   warning  'activity3' is not defined                no-undef

/home/runner/work/exp-hyperbola-linear-model-iitb/exp-hyperbola-linear-model-iitb/experiment/simulation/js/activity3.js
   1:10  warning  'activity3' is defined but never used      no-unused-vars
   2:5   warning  'maindiv' is not defined                   no-undef
  23:5   warning  'hide_all_steps' is not defined            no-undef
  24:5   warning  'show_step' is not defined                 no-undef
  25:5   warning  'plot_generated_xy' is not defined         no-undef
  27:10  warning  'start_act3' is defined but never used     no-unused-vars
  30:20  warning  'get_collapse_btn_element' is not defined  no-undef
  40:28  warning  'Updated_Question' is not defined          no-undef
  40:79  warning  'activity3_p1' is not defined              no-undef
  41:5   warning  'maindiv' is not defined                   no-undef
  42:5   warning  'maindiv' is not defined                   no-undef
  43:5   warning  'maindiv' is not defined                   no-undef
  45:24  warning  'MathJax' is not defined                   no-undef
  46:5   warning  'hide_all_steps' is not defined            no-undef
  47:5   warning  'show_step' is not defined                 no-undef

/home/runner/work/exp-hyperbola-linear-model-iitb/exp-hyperbola-linear-model-iitb/experiment/simulation/js/activity3_p1.js
    2:10  warning  'activity3_p1' is defined but never used     no-unused-vars
    3:19  warning  'get_collapse_btn_text' is not defined       no-undef
    4:5   warning  'maindiv' is not defined                     no-undef
   48:25  warning  'X' is not defined                           no-undef
   49:23  warning  'Y' is not defined                           no-undef
   50:19  warning  'X' is not defined                           no-undef
   52:24  warning  'X' is not defined                           no-undef
   53:24  warning  'Y' is not defined                           no-undef
   55:34  warning  'X' is not defined                           no-undef
   57:25  warning  'X' is not defined                           no-undef
   69:9   warning  'vv' is assigned a value but never used      no-unused-vars
   71:25  warning  'Verify_Rows_Cols' is not defined            no-undef
   75:5   warning  'hide_all_steps' is not defined              no-undef
   76:5   warning  'show_step' is not defined                   no-undef
   77:24  warning  'MathJax' is not defined                     no-undef
   82:5   warning  'act3_table_data' is not defined             no-undef
   83:17  warning  'act3_table_data' is not defined             no-undef
   87:10  warning  'verify_a3p2_sum' is defined but never used  no-unused-vars
   93:17  warning  'sigma3_x' is not defined                    no-undef
   93:27  warning  'sigma3_x_2' is not defined                  no-undef
   93:39  warning  'sigma3_ydd' is not defined                  no-undef
   93:51  warning  'sigma3_xydd' is not defined                 no-undef
   94:10  warning  'verify_values' is not defined               no-undef
   94:48  warning  'sigma3_x' is not defined                    no-undef
   98:10  warning  'verify_values' is not defined               no-undef
   98:48  warning  'sigma3_x_2' is not defined                  no-undef
  102:10  warning  'verify_values' is not defined               no-undef
  102:48  warning  'sigma3_ydd' is not defined                  no-undef
  106:10  warning  'verify_values' is not defined               no-undef
  106:48  warning  'sigma3_xydd' is not defined                 no-undef
  111:5   warning  'activity3_p2' is not defined                no-undef
  112:5   warning  'act3_table_data' is not defined             no-undef
  116:5   warning  'sigma3_x' is not defined                    no-undef
  117:5   warning  'sigma3_x_2' is not defined                  no-undef
  118:5   warning  'sigma3_xydd' is not defined                 no-undef
  119:5   warning  'sigma3_ydd' is not defined                  no-undef
  121:9   warning  'sigma3_x' is not defined                    no-undef
  122:9   warning  'sigma3_x_2' is not defined                  no-undef
  123:9   warning  'sigma3_ydd' is not defined                  no-undef
  124:9   warning  'sigma3_xydd' is not defined                 no-undef

/home/runner/work/exp-hyperbola-linear-model-iitb/exp-hyperbola-linear-model-iitb/experiment/simulation/js/activity3_p2.js
    1:10   warning  'activity3_p2' is defined but never used  no-unused-vars
    2:20   warning  'get_collapse_btn_text' is not defined    no-undef
    3:5    warning  'maindiv' is not defined                  no-undef
    8:49   warning  'sigma3_x' is not defined                 no-undef
    8:84   warning  'sigma3_x_2' is not defined               no-undef
    8:121  warning  'sigma3_ydd' is not defined               no-undef
    8:158  warning  'sigma3_xydd' is not defined              no-undef
   94:5    warning  'mat3_A' is not defined                   no-undef
   94:20   warning  'sigma3_x_2' is not defined               no-undef
   95:17   warning  'mat3_A' is not defined                   no-undef
   96:5    warning  'mat3_A' is not defined                   no-undef
   96:20   warning  'sigma3_x' is not defined                 no-undef
   97:17   warning  'mat3_A' is not defined                   no-undef
   98:5    warning  'mat3_A' is not defined                   no-undef
   98:20   warning  'sigma3_x' is not defined                 no-undef
   99:17   warning  'mat3_A' is not defined                   no-undef
  100:5    warning  'mat3_A' is not defined                   no-undef
  100:20   warning  'N' is not defined                        no-undef
  101:17   warning  'mat3_A' is not defined                   no-undef
  104:5    warning  'mat3_B' is not defined                   no-undef
  104:17   warning  'sigma3_xydd' is not defined              no-undef
  105:5    warning  'mat3_B' is not defined                   no-undef
  105:17   warning  'sigma3_ydd' is not defined               no-undef
  107:17   warning  'mat3_A' is not defined                   no-undef
  108:17   warning  'mat3_B' is not defined                   no-undef
  110:15   warning  'mat3_A' is not defined                   no-undef
  110:29   warning  'mat3_A' is not defined                   no-undef
  110:45   warning  'mat3_A' is not defined                   no-undef
  110:59   warning  'mat3_A' is not defined                   no-undef
  111:14   warning  'mat3_B' is not defined                   no-undef
  111:25   warning  'mat3_B' is not defined                   no-undef
  113:24   warning  'MathJax' is not defined                  no-undef
  114:5    warning  'hide_all_steps' is not defined           no-undef
  115:5    warning  'show_step' is not defined                no-undef
  118:5    warning  'mat3_x' is not defined                   no-undef
  118:14   warning  'gauss' is not defined                    no-undef
  119:24   warning  'mat3_x' is not defined                   no-undef
  119:42   warning  'mat3_x' is not defined                   no-undef
  121:10   warning  'verify3_a_b' is defined but never used   no-unused-vars
  127:10   warning  'verify_values' is not defined            no-undef
  127:48   warning  'mat3_x' is not defined                   no-undef
  131:10   warning  'verify_values' is not defined            no-undef
  131:48   warning  'mat3_x' is not defined                   no-undef
  141:5    warning  'activity3_p3' is not defined             no-undef

/home/runner/work/exp-hyperbola-linear-model-iitb/exp-hyperbola-linear-model-iitb/experiment/simulation/js/activity3_p3.js
   1:10  warning  'activity3_p3' is defined but never used  no-unused-vars
   2:20  warning  'get_collapse_btn_text' is not defined    no-undef
   3:5   warning  'maindiv' is not defined                  no-undef
  37:24  warning  'MathJax' is not defined                  no-undef
  38:5   warning  'hide_all_steps' is not defined           no-undef
  39:5   warning  'show_step' is not defined                no-undef
  43:5   warning  'p3' is not defined                       no-undef
  43:14  warning  'mat3_x' is not defined                   no-undef
  44:5   warning  'q3' is not defined                       no-undef
  44:10  warning  'mat3_x' is not defined                   no-undef
  44:22  warning  'p3' is not defined                       no-undef
  46:10  warning  'verify_pq1_3' is defined but never used  no-unused-vars
  50:17  warning  'p3' is not defined                       no-undef
  50:21  warning  'q3' is not defined                       no-undef
  51:10  warning  'verify_values' is not defined            no-undef
  51:48  warning  'p3' is not defined                       no-undef
  55:10  warning  'verify_values' is not defined            no-undef
  55:48  warning  'q3' is not defined                       no-undef
  60:5   warning  'activity4' is not defined                no-undef

/home/runner/work/exp-hyperbola-linear-model-iitb/exp-hyperbola-linear-model-iitb/experiment/simulation/js/activity4.js
    1:10  warning  'activity4' is defined but never used   no-unused-vars
    2:20  warning  'get_collapse_btn_text' is not defined  no-undef
    3:5   warning  'maindiv' is not defined                no-undef
   14:79  warning  'p1' is not defined                     no-undef
   21:79  warning  'q1' is not defined                     no-undef
   31:79  warning  'p3' is not defined                     no-undef
   38:79  warning  'q3' is not defined                     no-undef
   58:24  warning  'MathJax' is not defined                no-undef
   59:5   warning  'hide_all_steps' is not defined         no-undef
   60:5   warning  'show_step' is not defined              no-undef
   69:28  warning  'Updated_Question' is not defined       no-undef
   69:65  warning  'a4_ans' is not defined                 no-undef
   74:5   warning  'y_0_origin' is not defined             no-undef
   75:5   warning  'y0_diff_sum' is not defined            no-undef
   76:5   warning  'y_2_origin' is not defined             no-undef
   77:5   warning  'y2_diff_sum' is not defined            no-undef
   79:25  warning  'X_origin' is not defined               no-undef
   80:25  warning  'q1' is not defined                     no-undef
   80:31  warning  'p1' is not defined                     no-undef
   80:36  warning  'X_origin' is not defined               no-undef
   80:57  warning  'p1' is not defined                     no-undef
   81:9   warning  'y_0_origin' is not defined             no-undef
   82:9   warning  'y0_diff_sum' is not defined            no-undef
   82:36  warning  'y_origin' is not defined               no-undef
   85:25  warning  'X_origin' is not defined               no-undef
   86:25  warning  'q3' is not defined                     no-undef
   86:30  warning  'p3' is not defined                     no-undef
   86:41  warning  'X_origin' is not defined               no-undef
   86:61  warning  'p3' is not defined                     no-undef
   87:9   warning  'y_2_origin' is not defined             no-undef
   88:9   warning  'y2_diff_sum' is not defined            no-undef
   88:36  warning  'y_origin' is not defined               no-undef
   90:5   warning  'y_2_origin' is not defined             no-undef
   91:5   warning  'y2_diff_sum' is not defined            no-undef
   92:38  warning  'y_0_origin' is not defined             no-undef
   93:38  warning  'y_2_origin' is not defined             no-undef
  105:21  warning  'Chart' is not defined                  no-undef
  108:21  warning  'X_origin' is not defined               no-undef
  112:27  warning  'y_origin' is not defined               no-undef
  124:27  warning  'y_0_origin' is not defined             no-undef
  136:27  warning  'y_2_origin' is not defined             no-undef
  180:5   warning  'diffsum_first_model' is not defined    no-undef
  181:5   warning  'diffsum_third_model' is not defined    no-undef
  182:25  warning  'y0_diff_sum' is not defined            no-undef
  183:9   warning  'diffsum_first_model' is not defined    no-undef
  183:32  warning  'y0_diff_sum' is not defined            no-undef
  184:9   warning  'diffsum_third_model' is not defined    no-undef
  184:32  warning  'y2_diff_sum' is not defined            no-undef
  186:17  warning  'diffsum_first_model' is not defined    no-undef
  186:38  warning  'diffsum_third_model' is not defined    no-undef
  187:9   warning  'diffsum_first_model' is not defined    no-undef
  187:31  warning  'diffsum_third_model' is not defined    no-undef
  188:9   warning  'a4_ans' is not defined                 no-undef
  191:9   warning  'a4_ans' is not defined                 no-undef

/home/runner/work/exp-hyperbola-linear-model-iitb/exp-hyperbola-linear-model-iitb/experiment/simulation/js/data.js
    1:5  warning  'N' is assigned a value but never used                    no-unused-vars
    4:5  warning  'X' is assigned a value but never used                    no-unused-vars
   30:5  warning  'y0' is assigned a value but never used                   no-unused-vars
   31:5  warning  'Y' is assigned a value but never used                    no-unused-vars
   57:5  warning  'epsilon' is assigned a value but never used              no-unused-vars
   73:5  warning  'act1_table_data' is assigned a value but never used      no-unused-vars
   75:5  warning  'sigma_xi' is assigned a value but never used             no-unused-vars
   76:5  warning  'sigma_xi_2' is assigned a value but never used           no-unused-vars
   77:5  warning  'sigma_yi' is assigned a value but never used             no-unused-vars
   78:5  warning  'sigma_xi_yi' is assigned a value but never used          no-unused-vars
   79:5  warning  'mat_A' is assigned a value but never used                no-unused-vars
   80:5  warning  'mat_x' is assigned a value but never used                no-unused-vars
   81:5  warning  'mat_B' is assigned a value but never used                no-unused-vars
   82:5  warning  'p1' is assigned a value but never used                   no-unused-vars
   83:5  warning  'q1' is assigned a value but never used                   no-unused-vars
   87:5  warning  'act2_table_data' is assigned a value but never used      no-unused-vars
   89:5  warning  'sigma2_xi' is assigned a value but never used            no-unused-vars
   90:5  warning  'sigma2_xi_2' is assigned a value but never used          no-unused-vars
   91:5  warning  'sigma2_yi' is assigned a value but never used            no-unused-vars
   92:5  warning  'sigma2_xi_yi' is assigned a value but never used         no-unused-vars
   93:5  warning  'mat2_A' is assigned a value but never used               no-unused-vars
   94:5  warning  'mat2_x' is assigned a value but never used               no-unused-vars
   95:5  warning  'mat2_B' is assigned a value but never used               no-unused-vars
   96:5  warning  'p2' is assigned a value but never used                   no-unused-vars
   97:5  warning  'q2' is assigned a value but never used                   no-unused-vars
  101:5  warning  'act3_table_data' is assigned a value but never used      no-unused-vars
  103:5  warning  'sigma3_x' is assigned a value but never used             no-unused-vars
  104:5  warning  'sigma3_x_2' is assigned a value but never used           no-unused-vars
  105:5  warning  'sigma3_ydd' is assigned a value but never used           no-unused-vars
  106:5  warning  'sigma3_xydd' is assigned a value but never used          no-unused-vars
  107:5  warning  'mat3_A' is assigned a value but never used               no-unused-vars
  108:5  warning  'mat3_x' is assigned a value but never used               no-unused-vars
  109:5  warning  'mat3_B' is assigned a value but never used               no-unused-vars
  110:5  warning  'p3' is assigned a value but never used                   no-unused-vars
  111:5  warning  'q3' is assigned a value but never used                   no-unused-vars
  114:5  warning  'y_0_origin' is assigned a value but never used           no-unused-vars
  115:5  warning  'y_2_origin' is assigned a value but never used           no-unused-vars
  116:5  warning  'y0_diff_sum' is assigned a value but never used          no-unused-vars
  117:5  warning  'y2_diff_sum' is assigned a value but never used          no-unused-vars
  118:5  warning  'diffsum_first_model' is assigned a value but never used  no-unused-vars
  119:5  warning  'diffsum_third_model' is assigned a value but never used  no-unused-vars
  120:5  warning  'a4_ans' is assigned a value but never used               no-unused-vars

/home/runner/work/exp-hyperbola-linear-model-iitb/exp-hyperbola-linear-model-iitb/experiment/simulation/js/screen_size.js
  1:10  warning  'set_screen_size' is defined but never used  no-unused-vars

✖ 543 problems (0 errors, 543 warnings)

